2024-10-15T13:01:19.296+01:00  WARN 27188 --- [emr-dev] [HikariCP housekeeper] com.zaxxer.hikari.pool.HikariPool        : HikariCP - Thread starvation or clock leap detected (housekeeper delta=16h35m37s583ms134µs100ns).
2024-10-15T13:04:36.595+01:00  INFO 27188 --- [emr-dev] [SpringApplicationShutdownHook] o.s.b.w.e.tomcat.GracefulShutdown        : Commencing graceful shutdown. Waiting for active requests to complete
2024-10-15T13:04:36.604+01:00  INFO 27188 --- [emr-dev] [tomcat-shutdown] o.s.b.w.e.tomcat.GracefulShutdown        : Graceful shutdown complete
2024-10-15T13:04:36.615+01:00  INFO 27188 --- [emr-dev] [SpringApplicationShutdownHook] j.LocalContainerEntityManagerFactoryBean : Closing JPA EntityManagerFactory for persistence unit 'default'
2024-10-15T13:04:36.620+01:00  INFO 27188 --- [emr-dev] [SpringApplicationShutdownHook] com.zaxxer.hikari.HikariDataSource       : HikariCP - Shutdown initiated...
2024-10-15T13:04:36.626+01:00  INFO 27188 --- [emr-dev] [SpringApplicationShutdownHook] com.zaxxer.hikari.HikariDataSource       : HikariCP - Shutdown completed.
2024-10-15T13:04:40.608+01:00  INFO 17548 --- [emr-dev] [main] com.secsystem.emr.EmrApplication         : Starting EmrApplication using Java 22.0.1 with PID 17548 (C:\Users\CAPTAIN ENJOY\Downloads\SecMed\emr\emr\target\classes started by CAPTAIN ENJOY in C:\Users\CAPTAIN ENJOY\Downloads\SecMed\emr)
2024-10-15T13:04:40.610+01:00  INFO 17548 --- [emr-dev] [main] com.secsystem.emr.EmrApplication         : The following 1 profile is active: "dev"
2024-10-15T13:04:42.667+01:00  INFO 17548 --- [emr-dev] [main] .s.d.r.c.RepositoryConfigurationDelegate : Bootstrapping Spring Data JPA repositories in DEFAULT mode.
2024-10-15T13:04:42.759+01:00  INFO 17548 --- [emr-dev] [main] .s.d.r.c.RepositoryConfigurationDelegate : Finished Spring Data repository scanning in 85 ms. Found 4 JPA repository interfaces.
2024-10-15T13:04:43.950+01:00  INFO 17548 --- [emr-dev] [main] o.s.b.w.embedded.tomcat.TomcatWebServer  : Tomcat initialized with port 8080 (http)
2024-10-15T13:04:43.968+01:00  INFO 17548 --- [emr-dev] [main] o.apache.catalina.core.StandardService   : Starting service [Tomcat]
2024-10-15T13:04:43.968+01:00  INFO 17548 --- [emr-dev] [main] o.apache.catalina.core.StandardEngine    : Starting Servlet engine: [Apache Tomcat/10.1.30]
2024-10-15T13:04:44.060+01:00  INFO 17548 --- [emr-dev] [main] o.a.c.c.C.[Tomcat].[localhost].[/]       : Initializing Spring embedded WebApplicationContext
2024-10-15T13:04:44.060+01:00  INFO 17548 --- [emr-dev] [main] w.s.c.ServletWebServerApplicationContext : Root WebApplicationContext: initialization completed in 3377 ms
2024-10-15T13:04:44.304+01:00  INFO 17548 --- [emr-dev] [main] o.hibernate.jpa.internal.util.LogHelper  : HHH000204: Processing PersistenceUnitInfo [name: default]
2024-10-15T13:04:44.408+01:00  INFO 17548 --- [emr-dev] [main] org.hibernate.Version                    : HHH000412: Hibernate ORM core version 6.5.3.Final
2024-10-15T13:04:44.467+01:00  INFO 17548 --- [emr-dev] [main] o.h.c.internal.RegionFactoryInitiator    : HHH000026: Second-level cache disabled
2024-10-15T13:04:44.897+01:00  INFO 17548 --- [emr-dev] [main] o.s.o.j.p.SpringPersistenceUnitInfo      : No LoadTimeWeaver setup: ignoring JPA class transformer
2024-10-15T13:04:44.932+01:00  INFO 17548 --- [emr-dev] [main] com.zaxxer.hikari.HikariDataSource       : HikariCP - Starting...
2024-10-15T13:04:45.129+01:00  INFO 17548 --- [emr-dev] [main] com.zaxxer.hikari.pool.HikariPool        : HikariCP - Added connection com.mysql.cj.jdbc.ConnectionImpl@2914a328
2024-10-15T13:04:45.132+01:00  INFO 17548 --- [emr-dev] [main] com.zaxxer.hikari.HikariDataSource       : HikariCP - Start completed.
2024-10-15T13:04:46.776+01:00  INFO 17548 --- [emr-dev] [main] o.h.e.t.j.p.i.JtaPlatformInitiator       : HHH000489: No JTA platform available (set 'hibernate.transaction.jta.platform' to enable JTA platform integration)
2024-10-15T13:04:46.873+01:00  INFO 17548 --- [emr-dev] [main] j.LocalContainerEntityManagerFactoryBean : Initialized JPA EntityManagerFactory for persistence unit 'default'
2024-10-15T13:04:47.540+01:00  INFO 17548 --- [emr-dev] [main] eAuthenticationProviderManagerConfigurer : Global AuthenticationManager configured with AuthenticationProvider bean with name authenticationProvider
2024-10-15T13:04:47.543+01:00  WARN 17548 --- [emr-dev] [main] r$InitializeUserDetailsManagerConfigurer : Global AuthenticationManager configured with an AuthenticationProvider bean. UserDetailsService beans will not be used for username/password login. Consider removing the AuthenticationProvider bean. Alternatively, consider using the UserDetailsService in a manually instantiated DaoAuthenticationProvider.
2024-10-15T13:04:47.623+01:00  INFO 17548 --- [emr-dev] [main] o.s.d.j.r.query.QueryEnhancerFactory     : Hibernate is in classpath; If applicable, HQL parser will be used.
2024-10-15T13:04:49.890+01:00  INFO 17548 --- [emr-dev] [main] o.s.b.a.e.web.EndpointLinksResolver      : Exposing 16 endpoints beneath base path '/actuator'
2024-10-15T13:04:50.358+01:00  WARN 17548 --- [emr-dev] [main] ion$DefaultTemplateResolverConfiguration : Cannot find template location: classpath:/templates/ (please add some templates, check your Thymeleaf configuration, or set spring.thymeleaf.check-template-location=false)
2024-10-15T13:04:50.986+01:00  INFO 17548 --- [emr-dev] [main] o.s.b.w.embedded.tomcat.TomcatWebServer  : Tomcat started on port 8080 (http) with context path '/'
2024-10-15T13:04:51.003+01:00  INFO 17548 --- [emr-dev] [main] com.secsystem.emr.EmrApplication         : Started EmrApplication in 11.185 seconds (process running for 12.241)
2024-10-15T13:04:51.356+01:00  INFO 17548 --- [emr-dev] [http-nio-8080-exec-1] o.a.c.c.C.[Tomcat].[localhost].[/]       : Initializing Spring DispatcherServlet 'dispatcherServlet'
2024-10-15T13:04:51.441+01:00  INFO 17548 --- [emr-dev] [http-nio-8080-exec-1] c.secsystem.emr.filters.LoggingFilter    : Client IP: 0:0:0:0:0:0:0:1, Request URL: http://localhost:8080/api/v1/admin/users/paginated, Method: GET
2024-10-15T13:04:51.624+01:00  WARN 17548 --- [emr-dev] [http-nio-8080-exec-1] ration$PageModule$WarningLoggingModifier : Serializing PageImpl instances as-is is not supported, meaning that there is no guarantee about the stability of the resulting JSON structure!
	For a stable JSON structure, please use Spring Data's PagedModel (globally via @EnableSpringDataWebSupport(pageSerializationMode = VIA_DTO))
	or Spring HATEOAS and Spring Data's PagedResourcesAssembler as documented in https://docs.spring.io/spring-data/commons/reference/repositories/core-extensions.html#core.web.pageables.

2024-10-15T13:04:51.660+01:00  INFO 17548 --- [emr-dev] [http-nio-8080-exec-1] c.secsystem.emr.filters.LoggingFilter    : Response status: 200
2024-10-15T13:26:18.471+01:00  INFO 17548 --- [emr-dev] [SpringApplicationShutdownHook] o.s.b.w.e.tomcat.GracefulShutdown        : Commencing graceful shutdown. Waiting for active requests to complete
2024-10-15T13:26:18.485+01:00  INFO 17548 --- [emr-dev] [tomcat-shutdown] o.s.b.w.e.tomcat.GracefulShutdown        : Graceful shutdown complete
2024-10-15T13:26:18.501+01:00  INFO 17548 --- [emr-dev] [SpringApplicationShutdownHook] j.LocalContainerEntityManagerFactoryBean : Closing JPA EntityManagerFactory for persistence unit 'default'
2024-10-15T13:26:18.506+01:00  INFO 17548 --- [emr-dev] [SpringApplicationShutdownHook] com.zaxxer.hikari.HikariDataSource       : HikariCP - Shutdown initiated...
2024-10-15T13:26:18.512+01:00  INFO 17548 --- [emr-dev] [SpringApplicationShutdownHook] com.zaxxer.hikari.HikariDataSource       : HikariCP - Shutdown completed.
2024-10-15T13:32:05.624+01:00  INFO 5980 --- [emr-dev] [main] com.secsystem.emr.EmrApplication         : Starting EmrApplication using Java 22.0.1 with PID 5980 (C:\Users\CAPTAIN ENJOY\Downloads\SecMed\emr\emr\target\classes started by CAPTAIN ENJOY in C:\Users\CAPTAIN ENJOY\Downloads\SecMed\emr)
2024-10-15T13:32:05.628+01:00  INFO 5980 --- [emr-dev] [main] com.secsystem.emr.EmrApplication         : The following 1 profile is active: "dev"
2024-10-15T13:32:07.953+01:00  INFO 5980 --- [emr-dev] [main] .s.d.r.c.RepositoryConfigurationDelegate : Bootstrapping Spring Data JPA repositories in DEFAULT mode.
2024-10-15T13:32:08.113+01:00  INFO 5980 --- [emr-dev] [main] .s.d.r.c.RepositoryConfigurationDelegate : Finished Spring Data repository scanning in 146 ms. Found 4 JPA repository interfaces.
2024-10-15T13:32:09.748+01:00  INFO 5980 --- [emr-dev] [main] o.s.b.w.embedded.tomcat.TomcatWebServer  : Tomcat initialized with port 8080 (http)
2024-10-15T13:32:09.771+01:00  INFO 5980 --- [emr-dev] [main] o.apache.catalina.core.StandardService   : Starting service [Tomcat]
2024-10-15T13:32:09.772+01:00  INFO 5980 --- [emr-dev] [main] o.apache.catalina.core.StandardEngine    : Starting Servlet engine: [Apache Tomcat/10.1.30]
2024-10-15T13:32:09.872+01:00  INFO 5980 --- [emr-dev] [main] o.a.c.c.C.[Tomcat].[localhost].[/]       : Initializing Spring embedded WebApplicationContext
2024-10-15T13:32:09.872+01:00  INFO 5980 --- [emr-dev] [main] w.s.c.ServletWebServerApplicationContext : Root WebApplicationContext: initialization completed in 4150 ms
2024-10-15T13:32:10.298+01:00  INFO 5980 --- [emr-dev] [main] o.hibernate.jpa.internal.util.LogHelper  : HHH000204: Processing PersistenceUnitInfo [name: default]
2024-10-15T13:32:10.373+01:00  INFO 5980 --- [emr-dev] [main] org.hibernate.Version                    : HHH000412: Hibernate ORM core version 6.5.3.Final
2024-10-15T13:32:10.417+01:00  INFO 5980 --- [emr-dev] [main] o.h.c.internal.RegionFactoryInitiator    : HHH000026: Second-level cache disabled
2024-10-15T13:32:10.847+01:00  INFO 5980 --- [emr-dev] [main] o.s.o.j.p.SpringPersistenceUnitInfo      : No LoadTimeWeaver setup: ignoring JPA class transformer
2024-10-15T13:32:10.887+01:00  INFO 5980 --- [emr-dev] [main] com.zaxxer.hikari.HikariDataSource       : HikariCP - Starting...
2024-10-15T13:32:11.120+01:00  INFO 5980 --- [emr-dev] [main] com.zaxxer.hikari.pool.HikariPool        : HikariCP - Added connection com.mysql.cj.jdbc.ConnectionImpl@15ee8861
2024-10-15T13:32:11.123+01:00  INFO 5980 --- [emr-dev] [main] com.zaxxer.hikari.HikariDataSource       : HikariCP - Start completed.
2024-10-15T13:32:12.722+01:00  INFO 5980 --- [emr-dev] [main] o.h.e.t.j.p.i.JtaPlatformInitiator       : HHH000489: No JTA platform available (set 'hibernate.transaction.jta.platform' to enable JTA platform integration)
2024-10-15T13:32:12.828+01:00  INFO 5980 --- [emr-dev] [main] j.LocalContainerEntityManagerFactoryBean : Initialized JPA EntityManagerFactory for persistence unit 'default'
2024-10-15T13:32:13.551+01:00  INFO 5980 --- [emr-dev] [main] eAuthenticationProviderManagerConfigurer : Global AuthenticationManager configured with AuthenticationProvider bean with name authenticationProvider
2024-10-15T13:32:13.553+01:00  WARN 5980 --- [emr-dev] [main] r$InitializeUserDetailsManagerConfigurer : Global AuthenticationManager configured with an AuthenticationProvider bean. UserDetailsService beans will not be used for username/password login. Consider removing the AuthenticationProvider bean. Alternatively, consider using the UserDetailsService in a manually instantiated DaoAuthenticationProvider.
2024-10-15T13:32:13.634+01:00  INFO 5980 --- [emr-dev] [main] o.s.d.j.r.query.QueryEnhancerFactory     : Hibernate is in classpath; If applicable, HQL parser will be used.
2024-10-15T13:32:16.779+01:00  INFO 5980 --- [emr-dev] [main] o.s.b.a.e.web.EndpointLinksResolver      : Exposing 16 endpoints beneath base path '/actuator'
2024-10-15T13:32:17.336+01:00  WARN 5980 --- [emr-dev] [main] ion$DefaultTemplateResolverConfiguration : Cannot find template location: classpath:/templates/ (please add some templates, check your Thymeleaf configuration, or set spring.thymeleaf.check-template-location=false)
2024-10-15T13:32:18.276+01:00  INFO 5980 --- [emr-dev] [main] o.s.b.w.embedded.tomcat.TomcatWebServer  : Tomcat started on port 8080 (http) with context path '/'
2024-10-15T13:32:18.314+01:00  INFO 5980 --- [emr-dev] [main] com.secsystem.emr.EmrApplication         : Started EmrApplication in 13.605 seconds (process running for 14.962)
2024-10-15T13:32:19.236+01:00  INFO 5980 --- [emr-dev] [RMI TCP Connection(3)-172.20.10.4] o.a.c.c.C.[Tomcat].[localhost].[/]       : Initializing Spring DispatcherServlet 'dispatcherServlet'
2024-10-15T13:32:24.897+01:00  INFO 5980 --- [emr-dev] [http-nio-8080-exec-1] c.secsystem.emr.filters.LoggingFilter    : Client IP: 0:0:0:0:0:0:0:1, Request URL: http://localhost:8080/api/v1/admin/users/paginated, Method: GET
2024-10-15T13:32:25.087+01:00  INFO 5980 --- [emr-dev] [http-nio-8080-exec-1] c.secsystem.emr.filters.LoggingFilter    : Response status: 200
2024-10-15T13:32:51.080+01:00  INFO 5980 --- [emr-dev] [SpringApplicationShutdownHook] o.s.b.w.e.tomcat.GracefulShutdown        : Commencing graceful shutdown. Waiting for active requests to complete
2024-10-15T13:32:51.090+01:00  INFO 5980 --- [emr-dev] [tomcat-shutdown] o.s.b.w.e.tomcat.GracefulShutdown        : Graceful shutdown complete
2024-10-15T13:32:51.106+01:00  INFO 5980 --- [emr-dev] [SpringApplicationShutdownHook] j.LocalContainerEntityManagerFactoryBean : Closing JPA EntityManagerFactory for persistence unit 'default'
2024-10-15T13:32:51.111+01:00  INFO 5980 --- [emr-dev] [SpringApplicationShutdownHook] com.zaxxer.hikari.HikariDataSource       : HikariCP - Shutdown initiated...
2024-10-15T13:32:51.122+01:00  INFO 5980 --- [emr-dev] [SpringApplicationShutdownHook] com.zaxxer.hikari.HikariDataSource       : HikariCP - Shutdown completed.
